#
# There is insufficient memory for the Java Runtime Environment to continue.
# Native memory allocation (malloc) failed to allocate 708816 bytes for Chunk::new
# Possible reasons:
#   The system is out of physical RAM or swap space
#   The process is running with CompressedOops enabled, and the Java Heap may be blocking the growth of the native heap
# Possible solutions:
#   Reduce memory load on the system
#   Increase physical memory or swap space
#   Check if swap backing store is full
#   Decrease Java heap size (-Xmx/-Xms)
#   Decrease number of Java threads
#   Decrease Java thread stack sizes (-Xss)
#   Set larger code cache with -XX:ReservedCodeCacheSize=
#   JVM is running with Unscaled Compressed Oops mode in which the Java heap is
#     placed in the first 4GB address space. The Java Heap base address is the
#     maximum limit for the native heap growth. Please use -XX:HeapBaseMinAddress
#     to set the Java Heap base and to place the Java Heap above 4GB virtual address.
# This output file may be truncated or incomplete.
#
#  Out of Memory Error (./open/src/hotspot/share/memory/arena.cpp:197), pid=5296, tid=5012
#
# JRE version: Java(TM) SE Runtime Environment 18.9 (11.0.11+9) (build 11.0.11+9-LTS-194)
# Java VM: Java HotSpot(TM) 64-Bit Server VM 18.9 (11.0.11+9-LTS-194, mixed mode, tiered, compressed oops, g1 gc, windows-amd64)
# No core dump will be written. Minidumps are not enabled by default on client versions of Windows
#

---------------  S U M M A R Y ------------

Command Line: -javaagent:C:\Program Files\JetBrains\IntelliJ IDEA 2021.2.3\lib\idea_rt.jar=54580:C:\Program Files\JetBrains\IntelliJ IDEA 2021.2.3\bin -Dfile.encoding=UTF-8 br.com.five.thread.ui.FrameUI

Host: Intel(R) Core(TM) i7-3537U CPU @ 2.00GHz, 4 cores, 7G,  Windows 10 , 64 bit Build 19041 (10.0.19041.1806)
Time: Thu Jul 21 22:43:03 2022 Hora oficial do Brasil elapsed time: 1.312099 seconds (0d 0h 0m 1s)

---------------  T H R E A D  ---------------

Current thread (0x0000027b79279800):  JavaThread "C2 CompilerThread1" daemon [_thread_in_native, id=5012, stack(0x000000dc9d000000,0x000000dc9d100000)]


Current CompileTask:
C2:   1312  832       4       jdk.internal.org.objectweb.asm.Frame::execute (2264 bytes)

Stack: [0x000000dc9d000000,0x000000dc9d100000]
Native frames: (J=compiled Java code, j=interpreted, Vv=VM code, C=native code)
V  [jvm.dll+0x616f2a]
V  [jvm.dll+0x74de7f]
V  [jvm.dll+0x74f505]
V  [jvm.dll+0x74fb83]
V  [jvm.dll+0x2436d8]
V  [jvm.dll+0xba68c]
V  [jvm.dll+0xbad8c]
V  [jvm.dll+0x2b3ee4]
V  [jvm.dll+0x52c0f6]
V  [jvm.dll+0x20506d]
V  [jvm.dll+0x1ff0aa]
V  [jvm.dll+0x1fc10f]
V  [jvm.dll+0x17f0bc]
V  [jvm.dll+0x20b68c]
V  [jvm.dll+0x20978b]
V  [jvm.dll+0x7152c9]
V  [jvm.dll+0x70dfc4]
V  [jvm.dll+0x6160f6]
C  [ucrtbase.dll+0x21bb2]
C  [KERNEL32.DLL+0x17034]
C  [ntdll.dll+0x52651]


---------------  P R O C E S S  ---------------

Threads class SMR info:
_java_thread_list=0x0000027b79530470, length=26, elements={
0x0000027b7837d800, 0x0000027b7837f800, 0x0000027b78cfd800, 0x0000027b78cfe800,
0x0000027b78cff800, 0x0000027b78d03800, 0x0000027b78d66000, 0x0000027b78310000,
0x0000027b79004800, 0x0000027b79005000, 0x0000027b79227000, 0x0000027b79227800,
0x0000027b7922d800, 0x0000027b79244800, 0x0000027b59ec5000, 0x0000027b79279800,
0x0000027b792d5000, 0x0000027b792d6000, 0x0000027b79281800, 0x0000027b79282000,
0x0000027b79790000, 0x0000027b79263800, 0x0000027b79261800, 0x0000027b79262800,
0x0000027b79260000, 0x0000027b79261000
}

Java Threads: ( => current thread )
  0x0000027b7837d800 JavaThread "Reference Handler" daemon [_thread_blocked, id=8108, stack(0x000000dc9c000000,0x000000dc9c100000)]
  0x0000027b7837f800 JavaThread "Finalizer" daemon [_thread_blocked, id=10036, stack(0x000000dc9c100000,0x000000dc9c200000)]
  0x0000027b78cfd800 JavaThread "Signal Dispatcher" daemon [_thread_blocked, id=10856, stack(0x000000dc9c200000,0x000000dc9c300000)]
  0x0000027b78cfe800 JavaThread "Attach Listener" daemon [_thread_blocked, id=9568, stack(0x000000dc9c300000,0x000000dc9c400000)]
  0x0000027b78cff800 JavaThread "C2 CompilerThread0" daemon [_thread_in_native, id=6944, stack(0x000000dc9c400000,0x000000dc9c500000)]
  0x0000027b78d03800 JavaThread "C1 CompilerThread0" daemon [_thread_blocked, id=10776, stack(0x000000dc9c500000,0x000000dc9c600000)]
  0x0000027b78d66000 JavaThread "Sweeper thread" daemon [_thread_blocked, id=8704, stack(0x000000dc9c600000,0x000000dc9c700000)]
  0x0000027b78310000 JavaThread "Common-Cleaner" daemon [_thread_blocked, id=9040, stack(0x000000dc9c700000,0x000000dc9c800000)]
  0x0000027b79004800 JavaThread "Monitor Ctrl-Break" daemon [_thread_in_native, id=6644, stack(0x000000dc9c800000,0x000000dc9c900000)]
  0x0000027b79005000 JavaThread "Service Thread" daemon [_thread_blocked, id=13140, stack(0x000000dc9c900000,0x000000dc9ca00000)]
  0x0000027b79227000 JavaThread "Java2D Disposer" daemon [_thread_blocked, id=6756, stack(0x000000dc9cb00000,0x000000dc9cc00000)]
  0x0000027b79227800 JavaThread "AWT-Shutdown" [_thread_blocked, id=3680, stack(0x000000dc9cc00000,0x000000dc9cd00000)]
  0x0000027b7922d800 JavaThread "AWT-Windows" daemon [_thread_in_native, id=5236, stack(0x000000dc9cd00000,0x000000dc9ce00000)]
  0x0000027b79244800 JavaThread "AWT-EventQueue-0" [_thread_blocked, id=13672, stack(0x000000dc9ce00000,0x000000dc9cf00000)]
  0x0000027b59ec5000 JavaThread "DestroyJavaVM" [_thread_blocked, id=6720, stack(0x000000dc9b900000,0x000000dc9ba00000)]
=>0x0000027b79279800 JavaThread "C2 CompilerThread1" daemon [_thread_in_native, id=5012, stack(0x000000dc9d000000,0x000000dc9d100000)]
  0x0000027b792d5000 JavaThread "Thread-0" [_thread_blocked, id=1084, stack(0x000000dc9cf00000,0x000000dc9d000000)]
  0x0000027b792d6000 JavaThread "Thread-1" [_thread_blocked, id=11904, stack(0x000000dc9d100000,0x000000dc9d200000)]
  0x0000027b79281800 JavaThread "Thread-2" [_thread_blocked, id=4468, stack(0x000000dc9d200000,0x000000dc9d300000)]
  0x0000027b79282000 JavaThread "Thread-3" [_thread_blocked, id=9504, stack(0x000000dc9d300000,0x000000dc9d400000)]
  0x0000027b79790000 JavaThread "Thread-4" [_thread_in_Java, id=2436, stack(0x000000dc9d400000,0x000000dc9d500000)]
  0x0000027b79263800 JavaThread "Thread-5" [_thread_in_Java, id=8156, stack(0x000000dc9d500000,0x000000dc9d600000)]
  0x0000027b79261800 JavaThread "Thread-6" [_thread_in_Java, id=11792, stack(0x000000dc9d600000,0x000000dc9d700000)]
  0x0000027b79262800 JavaThread "Thread-7" [_thread_blocked, id=12408, stack(0x000000dc9d700000,0x000000dc9d800000)]
  0x0000027b79260000 JavaThread "Thread-8" [_thread_blocked, id=6556, stack(0x000000dc9d800000,0x000000dc9d900000)]
  0x0000027b79261000 JavaThread "Thread-9" [_thread_blocked, id=4732, stack(0x000000dc9d900000,0x000000dc9da00000)]

Other Threads:
  0x0000027b78357800 VMThread "VM Thread" [stack: 0x000000dc9bf00000,0x000000dc9c000000] [id=12536]
  0x0000027b7900a000 WatcherThread [stack: 0x000000dc9ca00000,0x000000dc9cb00000] [id=8620]
  0x0000027b59ed8800 GCTaskThread "GC Thread#0" [stack: 0x000000dc9ba00000,0x000000dc9bb00000] [id=12580]
  0x0000027b59f09800 ConcurrentGCThread "G1 Main Marker" [stack: 0x000000dc9bb00000,0x000000dc9bc00000] [id=13112]
  0x0000027b59f0b800 ConcurrentGCThread "G1 Conc#0" [stack: 0x000000dc9bc00000,0x000000dc9bd00000] [id=3024]
  0x0000027b781c0800 ConcurrentGCThread "G1 Refine#0" [stack: 0x000000dc9bd00000,0x000000dc9be00000] [id=9948]
  0x0000027b59f6e800 ConcurrentGCThread "G1 Young RemSet Sampling" [stack: 0x000000dc9be00000,0x000000dc9bf00000] [id=7888]

Threads with active compile tasks:
C2 CompilerThread0   1410  831       4       java.lang.invoke.InvokerBytecodeGenerator::emitImplicitConversion (159 bytes)
C2 CompilerThread1   1411  832       4       jdk.internal.org.objectweb.asm.Frame::execute (2264 bytes)

VM state:not at safepoint (normal execution)

VM Mutex/Monitor currently owned by a thread: None

Heap address: 0x0000000081c00000, size: 2020 MB, Compressed Oops mode: 32-bit
Narrow klass base: 0x0000000000000000, Narrow klass shift: 3
Compressed class space size: 1073741824 Address: 0x0000000100000000

Heap:
 garbage-first heap   total 131072K, used 11264K [0x0000000081c00000, 0x0000000100000000)
  region size 1024K, 12 young (12288K), 0 survivors (0K)
 Metaspace       used 13589K, capacity 14023K, committed 14208K, reserved 1062912K
  class space    used 1405K, capacity 1603K, committed 1664K, reserved 1048576K
Heap Regions: E=young(eden), S=young(survivor), O=old, HS=humongous(starts), HC=humongous(continues), CS=collection set, F=free, A=archive, TAMS=top-at-mark-start (previous, next)
|   0|0x0000000081c00000, 0x0000000081c00000, 0x0000000081d00000|  0%| F|  |TAMS 0x0000000081c00000, 0x0000000081c00000| Untracked 
|   1|0x0000000081d00000, 0x0000000081d00000, 0x0000000081e00000|  0%| F|  |TAMS 0x0000000081d00000, 0x0000000081d00000| Untracked 
|   2|0x0000000081e00000, 0x0000000081e00000, 0x0000000081f00000|  0%| F|  |TAMS 0x0000000081e00000, 0x0000000081e00000| Untracked 
|   3|0x0000000081f00000, 0x0000000081f00000, 0x0000000082000000|  0%| F|  |TAMS 0x0000000081f00000, 0x0000000081f00000| Untracked 
|   4|0x0000000082000000, 0x0000000082000000, 0x0000000082100000|  0%| F|  |TAMS 0x0000000082000000, 0x0000000082000000| Untracked 
|   5|0x0000000082100000, 0x0000000082100000, 0x0000000082200000|  0%| F|  |TAMS 0x0000000082100000, 0x0000000082100000| Untracked 
|   6|0x0000000082200000, 0x0000000082200000, 0x0000000082300000|  0%| F|  |TAMS 0x0000000082200000, 0x0000000082200000| Untracked 
|   7|0x0000000082300000, 0x0000000082300000, 0x0000000082400000|  0%| F|  |TAMS 0x0000000082300000, 0x0000000082300000| Untracked 
|   8|0x0000000082400000, 0x0000000082400000, 0x0000000082500000|  0%| F|  |TAMS 0x0000000082400000, 0x0000000082400000| Untracked 
|   9|0x0000000082500000, 0x0000000082500000, 0x0000000082600000|  0%| F|  |TAMS 0x0000000082500000, 0x0000000082500000| Untracked 
|  10|0x0000000082600000, 0x0000000082600000, 0x0000000082700000|  0%| F|  |TAMS 0x0000000082600000, 0x0000000082600000| Untracked 
|  11|0x0000000082700000, 0x0000000082700000, 0x0000000082800000|  0%| F|  |TAMS 0x0000000082700000, 0x0000000082700000| Untracked 
|  12|0x0000000082800000, 0x0000000082800000, 0x0000000082900000|  0%| F|  |TAMS 0x0000000082800000, 0x0000000082800000| Untracked 
|  13|0x0000000082900000, 0x0000000082900000, 0x0000000082a00000|  0%| F|  |TAMS 0x0000000082900000, 0x0000000082900000| Untracked 
|  14|0x0000000082a00000, 0x0000000082a00000, 0x0000000082b00000|  0%| F|  |TAMS 0x0000000082a00000, 0x0000000082a00000| Untracked 
|  15|0x0000000082b00000, 0x0000000082b00000, 0x0000000082c00000|  0%| F|  |TAMS 0x0000000082b00000, 0x0000000082b00000| Untracked 
|  16|0x0000000082c00000, 0x0000000082c00000, 0x0000000082d00000|  0%| F|  |TAMS 0x0000000082c00000, 0x0000000082c00000| Untracked 
|  17|0x0000000082d00000, 0x0000000082d00000, 0x0000000082e00000|  0%| F|  |TAMS 0x0000000082d00000, 0x0000000082d00000| Untracked 
|  18|0x0000000082e00000, 0x0000000082e00000, 0x0000000082f00000|  0%| F|  |TAMS 0x0000000082e00000, 0x0000000082e00000| Untracked 
|  19|0x0000000082f00000, 0x0000000082f00000, 0x0000000083000000|  0%| F|  |TAMS 0x0000000082f00000, 0x0000000082f00000| Untracked 
|  20|0x0000000083000000, 0x0000000083000000, 0x0000000083100000|  0%| F|  |TAMS 0x0000000083000000, 0x0000000083000000| Untracked 
|  21|0x0000000083100000, 0x0000000083100000, 0x0000000083200000|  0%| F|  |TAMS 0x0000000083100000, 0x0000000083100000| Untracked 
|  22|0x0000000083200000, 0x0000000083200000, 0x0000000083300000|  0%| F|  |TAMS 0x0000000083200000, 0x0000000083200000| Untracked 
|  23|0x0000000083300000, 0x0000000083300000, 0x0000000083400000|  0%| F|  |TAMS 0x0000000083300000, 0x0000000083300000| Untracked 
|  24|0x0000000083400000, 0x0000000083400000, 0x0000000083500000|  0%| F|  |TAMS 0x0000000083400000, 0x0000000083400000| Untracked 
|  25|0x0000000083500000, 0x0000000083500000, 0x0000000083600000|  0%| F|  |TAMS 0x0000000083500000, 0x0000000083500000| Untracked 
|  26|0x0000000083600000, 0x0000000083600000, 0x0000000083700000|  0%| F|  |TAMS 0x0000000083600000, 0x0000000083600000| Untracked 
|  27|0x0000000083700000, 0x0000000083700000, 0x0000000083800000|  0%| F|  |TAMS 0x0000000083700000, 0x0000000083700000| Untracked 
|  28|0x0000000083800000, 0x0000000083800000, 0x0000000083900000|  0%| F|  |TAMS 0x0000000083800000, 0x0000000083800000| Untracked 
|  29|0x0000000083900000, 0x0000000083900000, 0x0000000083a00000|  0%| F|  |TAMS 0x0000000083900000, 0x0000000083900000| Untracked 
|  30|0x0000000083a00000, 0x0000000083a00000, 0x0000000083b00000|  0%| F|  |TAMS 0x0000000083a00000, 0x0000000083a00000| Untracked 
|  31|0x0000000083b00000, 0x0000000083b00000, 0x0000000083c00000|  0%| F|  |TAMS 0x0000000083b00000, 0x0000000083b00000| Untracked 
|  32|0x0000000083c00000, 0x0000000083c00000, 0x0000000083d00000|  0%| F|  |TAMS 0x0000000083c00000, 0x0000000083c00000| Untracked 
|  33|0x0000000083d00000, 0x0000000083d00000, 0x0000000083e00000|  0%| F|  |TAMS 0x0000000083d00000, 0x0000000083d00000| Untracked 
|  34|0x0000000083e00000, 0x0000000083e00000, 0x0000000083f00000|  0%| F|  |TAMS 0x0000000083e00000, 0x0000000083e00000| Untracked 
|  35|0x0000000083f00000, 0x0000000083f00000, 0x0000000084000000|  0%| F|  |TAMS 0x0000000083f00000, 0x0000000083f00000| Untracked 
|  36|0x0000000084000000, 0x0000000084000000, 0x0000000084100000|  0%| F|  |TAMS 0x0000000084000000, 0x0000000084000000| Untracked 
|  37|0x0000000084100000, 0x0000000084100000, 0x0000000084200000|  0%| F|  |TAMS 0x0000000084100000, 0x0000000084100000| Untracked 
|  38|0x0000000084200000, 0x0000000084200000, 0x0000000084300000|  0%| F|  |TAMS 0x0000000084200000, 0x0000000084200000| Untracked 
|  39|0x0000000084300000, 0x0000000084300000, 0x0000000084400000|  0%| F|  |TAMS 0x0000000084300000, 0x0000000084300000| Untracked 
|  40|0x0000000084400000, 0x0000000084400000, 0x0000000084500000|  0%| F|  |TAMS 0x0000000084400000, 0x0000000084400000| Untracked 
|  41|0x0000000084500000, 0x0000000084500000, 0x0000000084600000|  0%| F|  |TAMS 0x0000000084500000, 0x0000000084500000| Untracked 
|  42|0x0000000084600000, 0x0000000084600000, 0x0000000084700000|  0%| F|  |TAMS 0x0000000084600000, 0x0000000084600000| Untracked 
|  43|0x0000000084700000, 0x0000000084700000, 0x0000000084800000|  0%| F|  |TAMS 0x0000000084700000, 0x0000000084700000| Untracked 
|  44|0x0000000084800000, 0x0000000084800000, 0x0000000084900000|  0%| F|  |TAMS 0x0000000084800000, 0x0000000084800000| Untracked 
|  45|0x0000000084900000, 0x0000000084900000, 0x0000000084a00000|  0%| F|  |TAMS 0x0000000084900000, 0x0000000084900000| Untracked 
|  46|0x0000000084a00000, 0x0000000084a00000, 0x0000000084b00000|  0%| F|  |TAMS 0x0000000084a00000, 0x0000000084a00000| Untracked 
|  47|0x0000000084b00000, 0x0000000084b00000, 0x0000000084c00000|  0%| F|  |TAMS 0x0000000084b00000, 0x0000000084b00000| Untracked 
|  48|0x0000000084c00000, 0x0000000084c00000, 0x0000000084d00000|  0%| F|  |TAMS 0x0000000084c00000, 0x0000000084c00000| Untracked 
|  49|0x0000000084d00000, 0x0000000084d00000, 0x0000000084e00000|  0%| F|  |TAMS 0x0000000084d00000, 0x0000000084d00000| Untracked 
|  50|0x0000000084e00000, 0x0000000084e00000, 0x0000000084f00000|  0%| F|  |TAMS 0x0000000084e00000, 0x0000000084e00000| Untracked 
|  51|0x0000000084f00000, 0x0000000084f00000, 0x0000000085000000|  0%| F|  |TAMS 0x0000000084f00000, 0x0000000084f00000| Untracked 
|  52|0x0000000085000000, 0x0000000085000000, 0x0000000085100000|  0%| F|  |TAMS 0x0000000085000000, 0x0000000085000000| Untracked 
|  53|0x0000000085100000, 0x0000000085100000, 0x0000000085200000|  0%| F|  |TAMS 0x0000000085100000, 0x0000000085100000| Untracked 
|  54|0x0000000085200000, 0x0000000085200000, 0x0000000085300000|  0%| F|  |TAMS 0x0000000085200000, 0x0000000085200000| Untracked 
|  55|0x0000000085300000, 0x0000000085300000, 0x0000000085400000|  0%| F|  |TAMS 0x0000000085300000, 0x0000000085300000| Untracked 
|  56|0x0000000085400000, 0x0000000085400000, 0x0000000085500000|  0%| F|  |TAMS 0x0000000085400000, 0x0000000085400000| Untracked 
|  57|0x0000000085500000, 0x0000000085500000, 0x0000000085600000|  0%| F|  |TAMS 0x0000000085500000, 0x0000000085500000| Untracked 
|  58|0x0000000085600000, 0x0000000085600000, 0x0000000085700000|  0%| F|  |TAMS 0x0000000085600000, 0x0000000085600000| Untracked 
|  59|0x0000000085700000, 0x0000000085700000, 0x0000000085800000|  0%| F|  |TAMS 0x0000000085700000, 0x0000000085700000| Untracked 
|  60|0x0000000085800000, 0x0000000085800000, 0x0000000085900000|  0%| F|  |TAMS 0x0000000085800000, 0x0000000085800000| Untracked 
|  61|0x0000000085900000, 0x0000000085900000, 0x0000000085a00000|  0%| F|  |TAMS 0x0000000085900000, 0x0000000085900000| Untracked 
|  62|0x0000000085a00000, 0x0000000085a00000, 0x0000000085b00000|  0%| F|  |TAMS 0x0000000085a00000, 0x0000000085a00000| Untracked 
|  63|0x0000000085b00000, 0x0000000085b00000, 0x0000000085c00000|  0%| F|  |TAMS 0x0000000085b00000, 0x0000000085b00000| Untracked 
|  64|0x0000000085c00000, 0x0000000085c00000, 0x0000000085d00000|  0%| F|  |TAMS 0x0000000085c00000, 0x0000000085c00000| Untracked 
|  65|0x0000000085d00000, 0x0000000085d00000, 0x0000000085e00000|  0%| F|  |TAMS 0x0000000085d00000, 0x0000000085d00000| Untracked 
|  66|0x0000000085e00000, 0x0000000085e00000, 0x0000000085f00000|  0%| F|  |TAMS 0x0000000085e00000, 0x0000000085e00000| Untracked 
|  67|0x0000000085f00000, 0x0000000085f00000, 0x0000000086000000|  0%| F|  |TAMS 0x0000000085f00000, 0x0000000085f00000| Untracked 
|  68|0x0000000086000000, 0x0000000086000000, 0x0000000086100000|  0%| F|  |TAMS 0x0000000086000000, 0x0000000086000000| Untracked 
|  69|0x0000000086100000, 0x0000000086100000, 0x0000000086200000|  0%| F|  |TAMS 0x0000000086100000, 0x0000000086100000| Untracked 
|  70|0x0000000086200000, 0x0000000086200000, 0x0000000086300000|  0%| F|  |TAMS 0x0000000086200000, 0x0000000086200000| Untracked 
|  71|0x0000000086300000, 0x0000000086300000, 0x0000000086400000|  0%| F|  |TAMS 0x0000000086300000, 0x0000000086300000| Untracked 
|  72|0x0000000086400000, 0x0000000086400000, 0x0000000086500000|  0%| F|  |TAMS 0x0000000086400000, 0x0000000086400000| Untracked 
|  73|0x0000000086500000, 0x0000000086500000, 0x0000000086600000|  0%| F|  |TAMS 0x0000000086500000, 0x0000000086500000| Untracked 
|  74|0x0000000086600000, 0x0000000086600000, 0x0000000086700000|  0%| F|  |TAMS 0x0000000086600000, 0x0000000086600000| Untracked 
|  75|0x0000000086700000, 0x0000000086700000, 0x0000000086800000|  0%| F|  |TAMS 0x0000000086700000, 0x0000000086700000| Untracked 
|  76|0x0000000086800000, 0x0000000086800000, 0x0000000086900000|  0%| F|  |TAMS 0x0000000086800000, 0x0000000086800000| Untracked 
|  77|0x0000000086900000, 0x0000000086900000, 0x0000000086a00000|  0%| F|  |TAMS 0x0000000086900000, 0x0000000086900000| Untracked 
|  78|0x0000000086a00000, 0x0000000086a00000, 0x0000000086b00000|  0%| F|  |TAMS 0x0000000086a00000, 0x0000000086a00000| Untracked 
|  79|0x0000000086b00000, 0x0000000086b00000, 0x0000000086c00000|  0%| F|  |TAMS 0x0000000086b00000, 0x0000000086b00000| Untracked 
|  80|0x0000000086c00000, 0x0000000086c00000, 0x0000000086d00000|  0%| F|  |TAMS 0x0000000086c00000, 0x0000000086c00000| Untracked 
|  81|0x0000000086d00000, 0x0000000086d00000, 0x0000000086e00000|  0%| F|  |TAMS 0x0000000086d00000, 0x0000000086d00000| Untracked 
|  82|0x0000000086e00000, 0x0000000086e00000, 0x0000000086f00000|  0%| F|  |TAMS 0x0000000086e00000, 0x0000000086e00000| Untracked 
|  83|0x0000000086f00000, 0x0000000086f00000, 0x0000000087000000|  0%| F|  |TAMS 0x0000000086f00000, 0x0000000086f00000| Untracked 
|  84|0x0000000087000000, 0x0000000087000000, 0x0000000087100000|  0%| F|  |TAMS 0x0000000087000000, 0x0000000087000000| Untracked 
|  85|0x0000000087100000, 0x0000000087100000, 0x0000000087200000|  0%| F|  |TAMS 0x0000000087100000, 0x0000000087100000| Untracked 
|  86|0x0000000087200000, 0x0000000087200000, 0x0000000087300000|  0%| F|  |TAMS 0x0000000087200000, 0x0000000087200000| Untracked 
|  87|0x0000000087300000, 0x0000000087300000, 0x0000000087400000|  0%| F|  |TAMS 0x0000000087300000, 0x0000000087300000| Untracked 
|  88|0x0000000087400000, 0x0000000087400000, 0x0000000087500000|  0%| F|  |TAMS 0x0000000087400000, 0x0000000087400000| Untracked 
|  89|0x0000000087500000, 0x0000000087500000, 0x0000000087600000|  0%| F|  |TAMS 0x0000000087500000, 0x0000000087500000| Untracked 
|  90|0x0000000087600000, 0x0000000087600000, 0x0000000087700000|  0%| F|  |TAMS 0x0000000087600000, 0x0000000087600000| Untracked 
|  91|0x0000000087700000, 0x0000000087700000, 0x0000000087800000|  0%| F|  |TAMS 0x0000000087700000, 0x0000000087700000| Untracked 
|  92|0x0000000087800000, 0x0000000087800000, 0x0000000087900000|  0%| F|  |TAMS 0x0000000087800000, 0x0000000087800000| Untracked 
|  93|0x0000000087900000, 0x0000000087900000, 0x0000000087a00000|  0%| F|  |TAMS 0x0000000087900000, 0x0000000087900000| Untracked 
|  94|0x0000000087a00000, 0x0000000087a00000, 0x0000000087b00000|  0%| F|  |TAMS 0x0000000087a00000, 0x0000000087a00000| Untracked 
|  95|0x0000000087b00000, 0x0000000087b00000, 0x0000000087c00000|  0%| F|  |TAMS 0x0000000087b00000, 0x0000000087b00000| Untracked 
|  96|0x0000000087c00000, 0x0000000087c00000, 0x0000000087d00000|  0%| F|  |TAMS 0x0000000087c00000, 0x0000000087c00000| Untracked 
|  97|0x0000000087d00000, 0x0000000087d00000, 0x0000000087e00000|  0%| F|  |TAMS 0x0000000087d00000, 0x0000000087d00000| Untracked 
|  98|0x0000000087e00000, 0x0000000087e00000, 0x0000000087f00000|  0%| F|  |TAMS 0x0000000087e00000, 0x0000000087e00000| Untracked 
|  99|0x0000000087f00000, 0x0000000087f00000, 0x0000000088000000|  0%| F|  |TAMS 0x0000000087f00000, 0x0000000087f00000| Untracked 
| 100|0x0000000088000000, 0x0000000088000000, 0x0000000088100000|  0%| F|  |TAMS 0x0000000088000000, 0x0000000088000000| Untracked 
| 101|0x0000000088100000, 0x0000000088100000, 0x0000000088200000|  0%| F|  |TAMS 0x0000000088100000, 0x0000000088100000| Untracked 
| 102|0x0000000088200000, 0x0000000088200000, 0x0000000088300000|  0%| F|  |TAMS 0x0000000088200000, 0x0000000088200000| Untracked 
| 103|0x0000000088300000, 0x0000000088300000, 0x0000000088400000|  0%| F|  |TAMS 0x0000000088300000, 0x0000000088300000| Untracked 
| 104|0x0000000088400000, 0x0000000088400000, 0x0000000088500000|  0%| F|  |TAMS 0x0000000088400000, 0x0000000088400000| Untracked 
| 105|0x0000000088500000, 0x0000000088500000, 0x0000000088600000|  0%| F|  |TAMS 0x0000000088500000, 0x0000000088500000| Untracked 
| 106|0x0000000088600000, 0x0000000088600000, 0x0000000088700000|  0%| F|  |TAMS 0x0000000088600000, 0x0000000088600000| Untracked 
| 107|0x0000000088700000, 0x0000000088700000, 0x0000000088800000|  0%| F|  |TAMS 0x0000000088700000, 0x0000000088700000| Untracked 
| 108|0x0000000088800000, 0x0000000088800000, 0x0000000088900000|  0%| F|  |TAMS 0x0000000088800000, 0x0000000088800000| Untracked 
| 109|0x0000000088900000, 0x0000000088900000, 0x0000000088a00000|  0%| F|  |TAMS 0x0000000088900000, 0x0000000088900000| Untracked 
| 110|0x0000000088a00000, 0x0000000088a00000, 0x0000000088b00000|  0%| F|  |TAMS 0x0000000088a00000, 0x0000000088a00000| Untracked 
| 111|0x0000000088b00000, 0x0000000088b00000, 0x0000000088c00000|  0%| F|  |TAMS 0x0000000088b00000, 0x0000000088b00000| Untracked 
| 112|0x0000000088c00000, 0x0000000088c00000, 0x0000000088d00000|  0%| F|  |TAMS 0x0000000088c00000, 0x0000000088c00000| Untracked 
| 113|0x0000000088d00000, 0x0000000088d00000, 0x0000000088e00000|  0%| F|  |TAMS 0x0000000088d00000, 0x0000000088d00000| Untracked 
| 114|0x0000000088e00000, 0x0000000088e00000, 0x0000000088f00000|  0%| F|  |TAMS 0x0000000088e00000, 0x0000000088e00000| Untracked 
| 115|0x0000000088f00000, 0x0000000088f00000, 0x0000000089000000|  0%| F|  |TAMS 0x0000000088f00000, 0x0000000088f00000| Untracked 
| 116|0x0000000089000000, 0x00000000890d7948, 0x0000000089100000| 84%| E|  |TAMS 0x0000000089000000, 0x0000000089000000| Complete 
| 117|0x0000000089100000, 0x0000000089200000, 0x0000000089200000|100%| E|CS|TAMS 0x0000000089100000, 0x0000000089100000| Complete 
| 118|0x0000000089200000, 0x0000000089300000, 0x0000000089300000|100%| E|CS|TAMS 0x0000000089200000, 0x0000000089200000| Complete 
| 119|0x0000000089300000, 0x0000000089400000, 0x0000000089400000|100%| E|CS|TAMS 0x0000000089300000, 0x0000000089300000| Complete 
| 120|0x0000000089400000, 0x0000000089500000, 0x0000000089500000|100%| E|CS|TAMS 0x0000000089400000, 0x0000000089400000| Complete 
| 121|0x0000000089500000, 0x0000000089600000, 0x0000000089600000|100%| E|CS|TAMS 0x0000000089500000, 0x0000000089500000| Complete 
| 122|0x0000000089600000, 0x0000000089700000, 0x0000000089700000|100%| E|CS|TAMS 0x0000000089600000, 0x0000000089600000| Complete 
| 123|0x0000000089700000, 0x0000000089800000, 0x0000000089800000|100%| E|CS|TAMS 0x0000000089700000, 0x0000000089700000| Complete 
| 124|0x0000000089800000, 0x0000000089900000, 0x0000000089900000|100%| E|CS|TAMS 0x0000000089800000, 0x0000000089800000| Complete 
| 125|0x0000000089900000, 0x0000000089a00000, 0x0000000089a00000|100%| E|CS|TAMS 0x0000000089900000, 0x0000000089900000| Complete 
| 126|0x0000000089a00000, 0x0000000089b00000, 0x0000000089b00000|100%| E|CS|TAMS 0x0000000089a00000, 0x0000000089a00000| Complete 
| 127|0x0000000089b00000, 0x0000000089c00000, 0x0000000089c00000|100%| E|CS|TAMS 0x0000000089b00000, 0x0000000089b00000| Complete 

Card table byte_map: [0x0000027b71740000,0x0000027b71b40000] _byte_map_base: 0x0000027b71332000

Marking Bits (Prev, Next): (CMBitMap*) 0x0000027b59f00ab8, (CMBitMap*) 0x0000027b59f00af0
 Prev Bits: [0x0000027b71f40000, 0x0000027b73ed0000)
 Next Bits: [0x0000027b73ed0000, 0x0000027b75e60000)

Polling page: 0x0000027b57da0000

Metaspace:

Usage:
  Non-class:     12.13 MB capacity,    11.90 MB ( 98%) used,   192.61 KB (  2%) free+waste,    42.75 KB ( <1%) overhead. 
      Class:      1.57 MB capacity,     1.37 MB ( 88%) used,   174.34 KB ( 11%) free+waste,    23.56 KB (  1%) overhead. 
       Both:     13.69 MB capacity,    13.27 MB ( 97%) used,   366.95 KB (  3%) free+waste,    66.31 KB ( <1%) overhead. 

Virtual space:
  Non-class space:       14.00 MB reserved,      12.25 MB ( 88%) committed 
      Class space:        1.00 GB reserved,       1.63 MB ( <1%) committed 
             Both:        1.01 GB reserved,      13.88 MB (  1%) committed 

Chunk freelists:
   Non-Class:  7.50 KB
       Class:  3.63 KB
        Both:  11.13 KB

CodeHeap 'non-profiled nmethods': size=120064Kb used=277Kb max_used=277Kb free=119786Kb
 bounds [0x0000027b69e00000, 0x0000027b6a070000, 0x0000027b71340000]
CodeHeap 'profiled nmethods': size=120000Kb used=1404Kb max_used=1404Kb free=118595Kb
 bounds [0x0000027b628d0000, 0x0000027b62b40000, 0x0000027b69e00000]
CodeHeap 'non-nmethods': size=5696Kb used=1164Kb max_used=1179Kb free=4531Kb
 bounds [0x0000027b62340000, 0x0000027b625b0000, 0x0000027b628d0000]
 total_blobs=1349 nmethods=838 adapters=423
 compilation: enabled
              stopped_count=0, restarted_count=0
 full_count=0

Compilation events (10 events):
Event: 1.289 Thread 0x0000027b78d03800  834   !   3       br.com.five.thread.service.AbastecerCarros::run (74 bytes)
Event: 1.291 Thread 0x0000027b78d03800 nmethod 834 0x0000027b62a2ce90 code [0x0000027b62a2d160, 0x0000027b62a2dea8]
Event: 1.291 Thread 0x0000027b78d03800  835       1       java.beans.PropertyChangeEvent::getPropertyName (5 bytes)
Event: 1.291 Thread 0x0000027b78d03800 nmethod 835 0x0000027b69e44f90 code [0x0000027b69e45120, 0x0000027b69e451d8]
Event: 1.294 Thread 0x0000027b78d03800  837       3       java.lang.Integer::numberOfLeadingZeros (78 bytes)
Event: 1.294 Thread 0x0000027b78d03800 nmethod 837 0x0000027b62a2e590 code [0x0000027b62a2e740, 0x0000027b62a2e9d8]
Event: 1.295 Thread 0x0000027b78d03800  838       3       sun.util.locale.LocaleUtils::toLower (17 bytes)
Event: 1.295 Thread 0x0000027b78d03800 nmethod 838 0x0000027b62a2ea90 code [0x0000027b62a2ec40, 0x0000027b62a2ee78]
Event: 1.305 Thread 0x0000027b78d03800  839       3       java.lang.reflect.Modifier::isFinal (13 bytes)
Event: 1.305 Thread 0x0000027b78d03800 nmethod 839 0x0000027b62a2ef10 code [0x0000027b62a2f0a0, 0x0000027b62a2f1d8]

GC Heap History (0 events):
No events

Deoptimization events (8 events):
Event: 0.394 Thread 0x0000027b59ec5000 Uncommon trap: reason=unstable_if action=reinterpret pc=0x0000027b69e0e09c method=java.lang.String.charAt(I)C @ 4 c2
Event: 0.489 Thread 0x0000027b59ec5000 Uncommon trap: reason=bimorphic_or_optimized_type_check action=maybe_recompile pc=0x0000027b69e09894 method=java.util.AbstractCollection.isEmpty()Z @ 1 c2
Event: 0.489 Thread 0x0000027b59ec5000 Uncommon trap: reason=bimorphic_or_optimized_type_check action=maybe_recompile pc=0x0000027b69e09894 method=java.util.AbstractCollection.isEmpty()Z @ 1 c2
Event: 0.493 Thread 0x0000027b59ec5000 Uncommon trap: reason=bimorphic_or_optimized_type_check action=maybe_recompile pc=0x0000027b69e09894 method=java.util.AbstractCollection.isEmpty()Z @ 1 c2
Event: 0.493 Thread 0x0000027b59ec5000 Uncommon trap: reason=bimorphic_or_optimized_type_check action=maybe_recompile pc=0x0000027b69e09894 method=java.util.AbstractCollection.isEmpty()Z @ 1 c2
Event: 0.950 Thread 0x0000027b79244800 Uncommon trap: reason=unstable_if action=reinterpret pc=0x0000027b69e2caf4 method=java.util.HashMap.hash(Ljava/lang/Object;)I @ 1 c2
Event: 0.994 Thread 0x0000027b7922d800 Uncommon trap: reason=unstable_if action=reinterpret pc=0x0000027b69e0c9f0 method=java.util.HashMap.putVal(ILjava/lang/Object;Ljava/lang/Object;ZZ)Ljava/lang/Object; @ 181 c2
Event: 1.004 Thread 0x0000027b79244800 Uncommon trap: reason=unstable_if action=reinterpret pc=0x0000027b69e36424 method=jdk.internal.org.objectweb.asm.Frame.execute(IILjdk/internal/org/objectweb/asm/ClassWriter;Ljdk/internal/org/objectweb/asm/Item;)V @ 1 c2

Classes redefined (0 events):
No events

Internal exceptions (10 events):
Event: 0.850 Thread 0x0000027b79244800 Exception <a 'java/lang/NoSuchMethodError'{0x0000000089523560}: java.lang.invoke.DirectMethodHandle$Holder.invokeSpecial(Ljava/lang/Object;Ljava/lang/Object;ILjava/lang/Object;Ljava/lang/Object;Ljava/lang/Object;)Ljava/lang/Object;> (0x0000000089523560) t
Event: 0.855 Thread 0x0000027b79244800 Exception <a 'java/lang/NoSuchMethodError'{0x000000008953ae38}: java.lang.invoke.DirectMethodHandle$Holder.invokeStatic(Ljava/lang/Object;ILjava/lang/Object;)Ljava/lang/Object;> (0x000000008953ae38) thrown at [./open/src/hotspot/share/interpreter/linkReso
Event: 0.929 Thread 0x0000027b79244800 Exception <a 'java/lang/ClassNotFoundException'{0x00000000894bd7b8}: com/sun/swing/internal/plaf/metal/resources/spi/metalProvider> (0x00000000894bd7b8) thrown at [./open/src/hotspot/share/classfile/systemDictionary.cpp, line 228]
Event: 0.934 Thread 0x0000027b79244800 Exception <a 'java/lang/ClassNotFoundException'{0x00000000894c1dd8}: com/sun/swing/internal/plaf/basic/resources/spi/basicProvider> (0x00000000894c1dd8) thrown at [./open/src/hotspot/share/classfile/systemDictionary.cpp, line 228]
Event: 0.950 Thread 0x0000027b79244800 Implicit null exception at 0x0000027b69e2ca58 to 0x0000027b69e2caea
Event: 1.030 Thread 0x0000027b79244800 Exception <a 'java/lang/NoSuchMethodError'{0x000000008932b9b8}: java.lang.invoke.DirectMethodHandle$Holder.invokeStaticInit(Ljava/lang/Object;)V> (0x000000008932b9b8) thrown at [./open/src/hotspot/share/interpreter/linkResolver.cpp, line 772]
Event: 1.118 Thread 0x0000027b79244800 Exception <a 'java/lang/NoSuchMethodError'{0x0000000089270260}: java.lang.invoke.DirectMethodHandle$Holder.invokeStatic(Ljava/lang/Object;Ljava/lang/Object;Ljava/lang/Object;Ljava/lang/Object;Ljava/lang/Object;Ljava/lang/Object;Ljava/lang/Object;Ljava/lan
Event: 1.124 Thread 0x0000027b79244800 Exception <a 'java/lang/NoSuchMethodError'{0x000000008928e708}: java.lang.invoke.DirectMethodHandle$Holder.invokeStatic(Ljava/lang/Object;Ljava/lang/Object;Ljava/lang/Object;Ljava/lang/Object;Ljava/lang/Object;Ljava/lang/Object;Ljava/lang/Object;Ljava/lan
Event: 1.130 Thread 0x0000027b79244800 Exception <a 'java/lang/NoSuchMethodError'{0x00000000892adc70}: java.lang.invoke.DirectMethodHandle$Holder.invokeStatic(Ljava/lang/Object;Ljava/lang/Object;Ljava/lang/Object;Ljava/lang/Object;Ljava/lang/Object;Ljava/lang/Object;Ljava/lang/Object;Ljava/lan
Event: 1.133 Thread 0x0000027b79244800 Exception <a 'java/lang/NoSuchMethodError'{0x00000000892b9ec8}: java.lang.invoke.Invokers$Holder.linkToTargetMethod(Ljava/lang/Object;ILjava/lang/Object;)Ljava/lang/Object;> (0x00000000892b9ec8) thrown at [./open/src/hotspot/share/interpreter/linkResolver

Events (10 events):
Event: 1.302 loading class java/text/CharacterIterator
Event: 1.302 loading class java/text/CharacterIterator done
Event: 1.302 loading class java/text/AttributedCharacterIterator done
Event: 1.302 loading class java/text/AttributedString$AttributedStringIterator done
Event: 1.303 loading class java/awt/TextComponent
Event: 1.303 loading class java/awt/TextComponent done
Event: 1.303 loading class javax/swing/text/JTextComponent
Event: 1.304 loading class javax/swing/Scrollable
Event: 1.304 loading class javax/swing/Scrollable done
Event: 1.305 loading class javax/swing/text/JTextComponent done


Dynamic libraries:
0x00007ff737e90000 - 0x00007ff737e9f000 	C:\Program Files\Java\jdk-11.0.11\bin\java.exe
0x00007ffb96390000 - 0x00007ffb96588000 	C:\Windows\SYSTEM32\ntdll.dll
0x00007ffb94900000 - 0x00007ffb949bd000 	C:\Windows\System32\KERNEL32.DLL
0x00007ffb93d10000 - 0x00007ffb93fde000 	C:\Windows\System32\KERNELBASE.dll
0x00007ffb94010000 - 0x00007ffb94110000 	C:\Windows\System32\ucrtbase.dll
0x00007ffb8ca00000 - 0x00007ffb8ca18000 	C:\Program Files\Java\jdk-11.0.11\bin\jli.dll
0x00007ffb943f0000 - 0x00007ffb9449e000 	C:\Windows\System32\ADVAPI32.dll
0x00007ffb94d60000 - 0x00007ffb94dfe000 	C:\Windows\System32\msvcrt.dll
0x00007ffb944a0000 - 0x00007ffb9453c000 	C:\Windows\System32\sechost.dll
0x00007ffb94a60000 - 0x00007ffb94b85000 	C:\Windows\System32\RPCRT4.dll
0x00007ffb94750000 - 0x00007ffb948f0000 	C:\Windows\System32\USER32.dll
0x00007ffb93fe0000 - 0x00007ffb94002000 	C:\Windows\System32\win32u.dll
0x00007ffb949c0000 - 0x00007ffb949ea000 	C:\Windows\System32\GDI32.dll
0x00007ffb942b0000 - 0x00007ffb943bb000 	C:\Windows\System32\gdi32full.dll
0x00007ffb94160000 - 0x00007ffb941fd000 	C:\Windows\System32\msvcp_win.dll
0x00007ffb8c9e0000 - 0x00007ffb8c9f5000 	C:\Program Files\Java\jdk-11.0.11\bin\VCRUNTIME140.dll
0x00007ffb88640000 - 0x00007ffb888da000 	C:\Windows\WinSxS\amd64_microsoft.windows.common-controls_6595b64144ccf1df_6.0.19041.1110_none_60b5254171f9507e\COMCTL32.dll
0x00007ffb8bd10000 - 0x00007ffb8bd1a000 	C:\Windows\SYSTEM32\VERSION.dll
0x00007ffb96150000 - 0x00007ffb96180000 	C:\Windows\System32\IMM32.DLL
0x00007ffb6c4b0000 - 0x00007ffb6c5c5000 	C:\Program Files\Topaz OFD\Warsaw\wslbscr64.dll
0x00007ffb95070000 - 0x00007ffb957b4000 	C:\Windows\System32\SHELL32.dll
0x00007ffb92770000 - 0x00007ffb927a3000 	C:\Windows\SYSTEM32\ntmarta.dll
0x00007ffb6af20000 - 0x00007ffb6b013000 	C:\Program Files\Topaz OFD\Warsaw\wslbscrwh64.dll
0x00007ffb7adf0000 - 0x00007ffb7ae8b000 	C:\Program Files\Java\jdk-11.0.11\bin\msvcp140.dll
0x00007ffb64810000 - 0x00007ffb6530e000 	C:\Program Files\Java\jdk-11.0.11\bin\server\jvm.dll
0x00007ffb94a50000 - 0x00007ffb94a58000 	C:\Windows\System32\PSAPI.DLL
0x00007ffb84b10000 - 0x00007ffb84b19000 	C:\Windows\SYSTEM32\WSOCK32.dll
0x00007ffb95820000 - 0x00007ffb9588b000 	C:\Windows\System32\WS2_32.dll
0x00007ffb8bce0000 - 0x00007ffb8bd07000 	C:\Windows\SYSTEM32\WINMM.dll
0x00007ffb91970000 - 0x00007ffb91982000 	C:\Windows\SYSTEM32\kernel.appcore.dll
0x00007ffb91310000 - 0x00007ffb91320000 	C:\Program Files\Java\jdk-11.0.11\bin\verify.dll
0x00007ffb83b40000 - 0x00007ffb83d24000 	C:\Windows\SYSTEM32\DBGHELP.DLL
0x00007ffb82960000 - 0x00007ffb8298c000 	C:\Windows\SYSTEM32\dbgcore.DLL
0x00007ffb93c80000 - 0x00007ffb93d02000 	C:\Windows\System32\bcryptPrimitives.dll
0x00007ffb8c9b0000 - 0x00007ffb8c9d8000 	C:\Program Files\Java\jdk-11.0.11\bin\java.dll
0x00007ffb90340000 - 0x00007ffb9034a000 	C:\Program Files\Java\jdk-11.0.11\bin\jimage.dll
0x00007ffb842b0000 - 0x00007ffb842be000 	C:\Program Files\Java\jdk-11.0.11\bin\instrument.dll
0x00007ffb8ac70000 - 0x00007ffb8ac86000 	C:\Program Files\Java\jdk-11.0.11\bin\zip.dll
0x00007ffb91b70000 - 0x00007ffb92304000 	C:\Windows\SYSTEM32\windows.storage.dll
0x00007ffb95df0000 - 0x00007ffb96144000 	C:\Windows\System32\combase.dll
0x00007ffb93360000 - 0x00007ffb93390000 	C:\Windows\SYSTEM32\Wldp.dll
0x00007ffb962a0000 - 0x00007ffb9634d000 	C:\Windows\System32\SHCORE.dll
0x0000027b59e00000 - 0x0000027b59e55000 	C:\Windows\System32\shlwapi.dll
0x00007ffb939f0000 - 0x00007ffb93a0f000 	C:\Windows\SYSTEM32\profapi.dll
0x00007ffb8ac50000 - 0x00007ffb8ac69000 	C:\Program Files\Java\jdk-11.0.11\bin\net.dll
0x00007ffb897b0000 - 0x00007ffb898ba000 	C:\Windows\SYSTEM32\WINHTTP.dll
0x00007ffb93140000 - 0x00007ffb931aa000 	C:\Windows\system32\mswsock.dll
0x00007ffb84780000 - 0x00007ffb84792000 	C:\Program Files\Java\jdk-11.0.11\bin\nio.dll
0x00007ffb841d0000 - 0x00007ffb841ea000 	C:\Program Files\JetBrains\IntelliJ IDEA 2021.2.3\bin\breakgen64.dll
0x00007ffb65550000 - 0x00007ffb656ea000 	C:\Program Files\Java\jdk-11.0.11\bin\awt.dll
0x0000027b798b0000 - 0x0000027b7997d000 	C:\Windows\System32\OLEAUT32.dll
0x00007ffb913e0000 - 0x00007ffb91470000 	C:\Windows\SYSTEM32\apphelp.dll
0x00007ffb91490000 - 0x00007ffb9152e000 	C:\Windows\system32\uxtheme.dll
0x00007ffb96180000 - 0x00007ffb96295000 	C:\Windows\System32\MSCTF.dll
0x0000027b79e20000 - 0x0000027b79f4a000 	C:\Windows\System32\ole32.dll
0x00007ffb91680000 - 0x00007ffb916af000 	C:\Windows\system32\DWMAPI.DLL
0x00007ffb82bb0000 - 0x00007ffb82cd7000 	C:\Windows\system32\opengl32.dll
0x00007ffb8a080000 - 0x00007ffb8a0ac000 	C:\Windows\SYSTEM32\GLU32.dll
0x00007ffb7a3a0000 - 0x00007ffb7a425000 	C:\Program Files\Java\jdk-11.0.11\bin\freetype.dll
0x00007ffb64600000 - 0x00007ffb646f2000 	C:\Program Files\Java\jdk-11.0.11\bin\harfbuzz.dll
0x00007ffb81f30000 - 0x00007ffb81f42000 	C:\Program Files\Java\jdk-11.0.11\bin\fontmanager.dll
0x00007ffb84e50000 - 0x00007ffb84f49000 	C:\Windows\SYSTEM32\textinputframework.dll
0x00007ffb90d50000 - 0x00007ffb910ae000 	C:\Windows\System32\CoreUIComponents.dll
0x00007ffb910b0000 - 0x00007ffb911a2000 	C:\Windows\System32\CoreMessaging.dll
0x00007ffb90a00000 - 0x00007ffb90b54000 	C:\Windows\SYSTEM32\wintypes.dll

dbghelp: loaded successfully - version: 4.0.5 - missing functions: none
symbol engine: initialized successfully - sym options: 0x614 - pdb path: .;C:\Program Files\Java\jdk-11.0.11\bin;C:\Windows\SYSTEM32;C:\Windows\WinSxS\amd64_microsoft.windows.common-controls_6595b64144ccf1df_6.0.19041.1110_none_60b5254171f9507e;C:\Program Files\Topaz OFD\Warsaw;C:\Program Files\Java\jdk-11.0.11\bin\server;C:\Program Files\JetBrains\IntelliJ IDEA 2021.2.3\bin

VM Arguments:
jvm_args: -javaagent:C:\Program Files\JetBrains\IntelliJ IDEA 2021.2.3\lib\idea_rt.jar=54580:C:\Program Files\JetBrains\IntelliJ IDEA 2021.2.3\bin -Dfile.encoding=UTF-8 
java_command: br.com.five.thread.ui.FrameUI
java_class_path (initial): C:\javaProjects\threads\out\production\threads
Launcher Type: SUN_STANDARD

[Global flags]
     intx CICompilerCount                          = 3                                         {product} {ergonomic}
     uint ConcGCThreads                            = 1                                         {product} {ergonomic}
     uint G1ConcRefinementThreads                  = 4                                         {product} {ergonomic}
   size_t G1HeapRegionSize                         = 1048576                                   {product} {ergonomic}
    uintx GCDrainStackTargetSize                   = 64                                        {product} {ergonomic}
   size_t InitialHeapSize                          = 134217728                                 {product} {ergonomic}
   size_t MarkStackSize                            = 4194304                                   {product} {ergonomic}
   size_t MaxHeapSize                              = 2118123520                                {product} {ergonomic}
   size_t MaxNewSize                               = 1270874112                                {product} {ergonomic}
   size_t MinHeapDeltaBytes                        = 1048576                                   {product} {ergonomic}
    uintx NonNMethodCodeHeapSize                   = 5830732                                {pd product} {ergonomic}
    uintx NonProfiledCodeHeapSize                  = 122913754                              {pd product} {ergonomic}
    uintx ProfiledCodeHeapSize                     = 122913754                              {pd product} {ergonomic}
    uintx ReservedCodeCacheSize                    = 251658240                              {pd product} {ergonomic}
     bool SegmentedCodeCache                       = true                                      {product} {ergonomic}
     bool UseCompressedClassPointers               = true                                 {lp64_product} {ergonomic}
     bool UseCompressedOops                        = true                                 {lp64_product} {ergonomic}
     bool UseG1GC                                  = true                                      {product} {ergonomic}
     bool UseLargePagesIndividualAllocation        = false                                  {pd product} {ergonomic}

Logging:
Log output configuration:
 #0: stdout all=warning uptime,level,tags
 #1: stderr all=off uptime,level,tags

Environment Variables:
JAVA_HOME=C:\Program Files\Java\jdk1.8.0_202
PATH=C:\Program Files (x86)\Common Files\Oracle\Java\javapath;C:\Program Files\Common Files\Oracle\Java\javapath;C:\Windows\system32;C:\Windows;C:\Windows\System32\Wbem;C:\Windows\System32\WindowsPowerShell\v1.0\;C:\Windows\System32\OpenSSH\;C:\Program Files\Java\jdk-11.0.11\bin;C:\Program Files\Java\jdk1.8.0_202\bin;C:\Program Files\Dart\dart-sdk\bin;C:\Program Files\nodejs\;C:\Program Files\Git\cmd;C:\ProgramData\chocolatey\bin;;C:\Program Files\Docker\Docker\resources\bin;C:\ProgramData\DockerDesktop\version-bin;C:\Program Files\MySQL\MySQL Shell 8.0\bin\;C:\Users\Rafael Farias\AppData\Local\Microsoft\WindowsApps;C:\Program Files\JetBrains\IntelliJ IDEA 2021.2.2\bin;C:\Users\Rafael Farias\AppData\Local\Programs\Microsoft VS Code\bin;C:\src\flutter\bin;C:\Users\Rafael Farias\AppData\Roaming\npm
USERNAME=Rafael Farias
OS=Windows_NT
PROCESSOR_IDENTIFIER=Intel64 Family 6 Model 58 Stepping 9, GenuineIntel



---------------  S Y S T E M  ---------------

OS: Windows 10 , 64 bit Build 19041 (10.0.19041.1806)
Hyper-V role detected

CPU:total 4 (initial active 4) (2 cores per cpu, 2 threads per core) family 6 model 58 stepping 9 microcode 0x21, cmov, cx8, fxsr, mmx, sse, sse2, sse3, ssse3, sse4.1, sse4.2, popcnt, avx, aes, clmul, erms, ht, tsc, tscinvbit, tscinv

Memory: 4k page, system-wide physical 8077M (1682M free)
TotalPageFile size 32653M (AvailPageFile size 5M)
current process WorkingSet (physical memory assigned to process): 75M, peak: 75M
current process commit charge ("private bytes"): 222M, peak: 222M

vm_info: Java HotSpot(TM) 64-Bit Server VM (11.0.11+9-LTS-194) for windows-amd64 JRE (11.0.11+9-LTS-194), built on Mar 18 2021 18:46:53 by "mach5one" with MS VC++ 15.9 (VS2017)

END.
